\BOOKMARK [1][-]{section.1}{Introduction}{}% 1
\BOOKMARK [1][-]{section.2}{Strategy}{}% 2
\BOOKMARK [2][-]{subsection.2.1}{Risk Analysis and Management}{section.2}% 3
\BOOKMARK [3][-]{subsubsection.2.1.1}{Business Goals}{subsection.2.1}% 4
\BOOKMARK [3][-]{subsubsection.2.1.2}{Business Risks}{subsection.2.1}% 5
\BOOKMARK [3][-]{subsubsection.2.1.3}{Technical Risks}{subsection.2.1}% 6
\BOOKMARK [3][-]{subsubsection.2.1.4}{Mitigations}{subsection.2.1}% 7
\BOOKMARK [1][-]{section.3}{System Specification}{}% 8
\BOOKMARK [2][-]{subsection.3.1}{Use cases}{section.3}% 9
\BOOKMARK [2][-]{subsection.3.2}{Abuse cases}{section.3}% 10
\BOOKMARK [2][-]{subsection.3.3}{Functional Requirements}{section.3}% 11
\BOOKMARK [2][-]{subsection.3.4}{Non-functional requirements}{section.3}% 12
\BOOKMARK [2][-]{subsection.3.5}{Security Requirements}{section.3}% 13
\BOOKMARK [1][-]{section.4}{Architecture}{}% 14
\BOOKMARK [2][-]{subsection.4.1}{Operations}{section.4}% 15
\BOOKMARK [2][-]{subsection.4.2}{Choice of Technology}{section.4}% 16
\BOOKMARK [3][-]{subsubsection.4.2.1}{Frameworks and Technologies}{subsection.4.2}% 17
\BOOKMARK [3][-]{subsubsection.4.2.2}{Project Tools}{subsection.4.2}% 18
\BOOKMARK [1][-]{section.5}{Testing}{}% 19
\BOOKMARK [2][-]{subsection.5.1}{Test plan}{section.5}% 20
\BOOKMARK [3][-]{subsubsection.5.1.1}{Testing objectives}{subsection.5.1}% 21
\BOOKMARK [3][-]{subsubsection.5.1.2}{Features to be tested}{subsection.5.1}% 22
\BOOKMARK [3][-]{subsubsection.5.1.3}{Testing techniques}{subsection.5.1}% 23
\BOOKMARK [3][-]{subsubsection.5.1.4}{Static Testing}{subsection.5.1}% 24
\BOOKMARK [3][-]{subsubsection.5.1.5}{Component Testing}{subsection.5.1}% 25
\BOOKMARK [2][-]{subsection.5.2}{Tools and Frameworks}{section.5}% 26
\BOOKMARK [2][-]{subsection.5.3}{System Test Cases \(Black-box Test\)}{section.5}% 27
\BOOKMARK [2][-]{subsection.5.4}{Penetration Testing}{section.5}% 28
\BOOKMARK [2][-]{subsection.5.5}{Threats:}{section.5}% 29
\BOOKMARK [1][-]{section.6}{Hacking}{}% 30
\BOOKMARK [2][-]{subsection.6.1}{Plans and ideas}{section.6}% 31
\BOOKMARK [3][-]{subsubsection.6.1.1}{Social engineering attack}{subsection.6.1}% 32
\BOOKMARK [2][-]{subsection.6.2}{Penetration test of team 11}{section.6}% 33
\BOOKMARK [2][-]{subsection.6.3}{XSS attack on team 10}{section.6}% 34
\BOOKMARK [3][-]{subsubsection.6.3.1}{Description}{subsection.6.3}% 35
\BOOKMARK [2][-]{subsection.6.4}{Brute force attempt on Mysql server on team 5}{section.6}% 36
\BOOKMARK [3][-]{subsubsection.6.4.1}{Results}{subsection.6.4}% 37
\BOOKMARK [1][-]{section.7}{Discussion}{}% 38
\BOOKMARK [2][-]{subsection.7.1}{Problems}{section.7}% 39
\BOOKMARK [1][-]{section.8}{Conclusion}{}% 40
\BOOKMARK [1][-]{section.9}{References}{}% 41
\BOOKMARK [1][-]{section*.8}{References}{}% 42
\BOOKMARK [1][-]{section.10}{Appendix}{}% 43
\BOOKMARK [2][-]{subsection.10.1}{Design diagrams}{section.10}% 44
\BOOKMARK [2][-]{subsection.10.2}{Log file}{section.10}% 45
\BOOKMARK [3][-]{subsubsection.10.2.1}{Application online November 1st }{subsection.10.2}% 46
\BOOKMARK [3][-]{subsubsection.10.2.2}{Race conditions }{subsection.10.2}% 47
\BOOKMARK [2][-]{subsection.10.3}{Test reports}{section.10}% 48
\BOOKMARK [2][-]{subsection.10.4}{Hacking}{section.10}% 49
